2017-11-10 11:17:00,836 [Worker-5] INFO  c.g.t.t.d.PublishedGradleVersions - Gradle version information cache is up-to-date. Trying to read.
2017-11-10 12:00:07,344 [Worker-0] INFO  c.g.t.t.d.PublishedGradleVersions - Gradle version information cache is up-to-date. Trying to read.
2017-11-10 12:41:11,201 [main] ERROR o.e.m.j.u.i.DownloadSourcesActionDelegate - Could not schedule source download
org.eclipse.jdt.core.JavaModelException: old_src [in OSZIMT_AS_PROJEKT] is not on its project's build path
	at org.eclipse.jdt.internal.core.JavaElement.newJavaModelException(JavaElement.java:566) ~[na:na]
	at org.eclipse.jdt.internal.core.Openable.generateInfos(Openable.java:247) ~[na:na]
	at org.eclipse.jdt.internal.core.JavaElement.openWhenClosed(JavaElement.java:579) ~[na:na]
	at org.eclipse.jdt.internal.core.JavaElement.getElementInfo(JavaElement.java:316) ~[na:na]
	at org.eclipse.jdt.internal.core.JavaElement.getElementInfo(JavaElement.java:302) ~[na:na]
	at org.eclipse.jdt.internal.core.PackageFragmentRoot.getKind(PackageFragmentRoot.java:486) ~[na:na]
	at org.eclipse.jdt.internal.core.PackageFragmentRoot.getSourceAttachmentPath(PackageFragmentRoot.java:600) ~[na:na]
	at org.eclipse.m2e.jdt.ui.internal.DownloadSourcesActionDelegate.setActiveEditor(DownloadSourcesActionDelegate.java:51) ~[na:na]
	at org.eclipse.ui.internal.EditorPluginAction.editorChanged(EditorPluginAction.java:71) [org.eclipse.ui.workbench_3.110.0.v20170612-1255.jar:na]
	at org.eclipse.ui.internal.EditorActionBuilder$EditorContribution.editorChanged(EditorActionBuilder.java:80) [org.eclipse.ui.workbench_3.110.0.v20170612-1255.jar:na]
	at org.eclipse.ui.internal.EditorActionBuilder$ExternalContributor.setActiveEditor(EditorActionBuilder.java:129) [org.eclipse.ui.workbench_3.110.0.v20170612-1255.jar:na]
	at org.eclipse.ui.internal.EditorActionBars.partChanged(EditorActionBars.java:344) [org.eclipse.ui.workbench_3.110.0.v20170612-1255.jar:na]
	at org.eclipse.ui.internal.WorkbenchPage.updateActivations(WorkbenchPage.java:311) [org.eclipse.ui.workbench_3.110.0.v20170612-1255.jar:na]
	at org.eclipse.ui.internal.WorkbenchPage.access$18(WorkbenchPage.java:293) [org.eclipse.ui.workbench_3.110.0.v20170612-1255.jar:na]
	at org.eclipse.ui.internal.WorkbenchPage$E4PartListener.partActivated(WorkbenchPage.java:211) [org.eclipse.ui.workbench_3.110.0.v20170612-1255.jar:na]
	at org.eclipse.e4.ui.internal.workbench.PartServiceImpl$3.run(PartServiceImpl.java:250) [org.eclipse.e4.ui.workbench_1.5.0.v20170412-0908.jar:na]
	at org.eclipse.core.runtime.SafeRunner.run(SafeRunner.java:42) [org.eclipse.equinox.common_3.9.0.v20170207-1454.jar:na]
	at org.eclipse.e4.ui.internal.workbench.PartServiceImpl.firePartActivated(PartServiceImpl.java:247) [org.eclipse.e4.ui.workbench_1.5.0.v20170412-0908.jar:na]
	at org.eclipse.e4.ui.internal.workbench.PartServiceImpl.activate(PartServiceImpl.java:755) [org.eclipse.e4.ui.workbench_1.5.0.v20170412-0908.jar:na]
	at org.eclipse.e4.ui.internal.workbench.PartServiceImpl.activate(PartServiceImpl.java:680) [org.eclipse.e4.ui.workbench_1.5.0.v20170412-0908.jar:na]
	at org.eclipse.e4.ui.internal.workbench.PartServiceImpl.activate(PartServiceImpl.java:675) [org.eclipse.e4.ui.workbench_1.5.0.v20170412-0908.jar:na]
	at org.eclipse.ui.internal.WorkbenchPage.busyOpenEditor(WorkbenchPage.java:3269) [org.eclipse.ui.workbench_3.110.0.v20170612-1255.jar:na]
	at org.eclipse.ui.internal.WorkbenchPage.access$25(WorkbenchPage.java:3176) [org.eclipse.ui.workbench_3.110.0.v20170612-1255.jar:na]
	at org.eclipse.ui.internal.WorkbenchPage$10.run(WorkbenchPage.java:3158) [org.eclipse.ui.workbench_3.110.0.v20170612-1255.jar:na]
	at org.eclipse.swt.custom.BusyIndicator.showWhile(BusyIndicator.java:70) [org.eclipse.swt.win32.win32.x86_3.106.0.v20170608-0516.jar:na]
	at org.eclipse.ui.internal.WorkbenchPage.openEditor(WorkbenchPage.java:3153) [org.eclipse.ui.workbench_3.110.0.v20170612-1255.jar:na]
	at org.eclipse.ui.internal.WorkbenchPage.openEditor(WorkbenchPage.java:3117) [org.eclipse.ui.workbench_3.110.0.v20170612-1255.jar:na]
	at org.eclipse.ui.internal.WorkbenchPage.openEditor(WorkbenchPage.java:3107) [org.eclipse.ui.workbench_3.110.0.v20170612-1255.jar:na]
	at org.eclipse.jdt.internal.ui.javaeditor.EditorUtility.openInEditor(EditorUtility.java:373) [org.eclipse.jdt.ui_3.13.0.v20170511-1354.jar:na]
	at org.eclipse.jdt.internal.ui.javaeditor.EditorUtility.openInEditor(EditorUtility.java:179) [org.eclipse.jdt.ui_3.13.0.v20170511-1354.jar:na]
	at org.eclipse.jdt.ui.actions.OpenAction.run(OpenAction.java:256) [org.eclipse.jdt.ui_3.13.0.v20170511-1354.jar:na]
	at org.eclipse.jdt.ui.actions.OpenAction.run(OpenAction.java:221) [org.eclipse.jdt.ui_3.13.0.v20170511-1354.jar:na]
	at org.eclipse.jdt.ui.actions.SelectionDispatchAction.dispatchRun(SelectionDispatchAction.java:271) [org.eclipse.jdt.ui_3.13.0.v20170511-1354.jar:na]
	at org.eclipse.jdt.ui.actions.SelectionDispatchAction.run(SelectionDispatchAction.java:249) [org.eclipse.jdt.ui_3.13.0.v20170511-1354.jar:na]
	at org.eclipse.jdt.internal.ui.navigator.OpenAndExpand.run(OpenAndExpand.java:50) [org.eclipse.jdt.ui_3.13.0.v20170511-1354.jar:na]
	at org.eclipse.ui.actions.RetargetAction.run(RetargetAction.java:216) [org.eclipse.ui.workbench_3.110.0.v20170612-1255.jar:na]
	at org.eclipse.ui.navigator.CommonNavigatorManager$2.open(CommonNavigatorManager.java:191) [org.eclipse.ui.navigator_3.7.0.v20170418-1342.jar:na]
	at org.eclipse.ui.OpenAndLinkWithEditorHelper$InternalListener.open(OpenAndLinkWithEditorHelper.java:46) [org.eclipse.ui.workbench_3.110.0.v20170612-1255.jar:na]
	at org.eclipse.jface.viewers.StructuredViewer$2.run(StructuredViewer.java:851) [org.eclipse.jface_3.13.0.v20170503-1507.jar:na]
	at org.eclipse.core.runtime.SafeRunner.run(SafeRunner.java:42) [org.eclipse.equinox.common_3.9.0.v20170207-1454.jar:na]
	at org.eclipse.ui.internal.JFaceUtil.lambda$0(JFaceUtil.java:44) [org.eclipse.ui.workbench_3.110.0.v20170612-1255.jar:na]
	at org.eclipse.jface.util.SafeRunnable.run(SafeRunnable.java:173) ~[org.eclipse.jface_3.13.0.v20170503-1507.jar:na]
	at org.eclipse.jface.viewers.StructuredViewer.fireOpen(StructuredViewer.java:848) ~[org.eclipse.jface_3.13.0.v20170503-1507.jar:na]
	at org.eclipse.jface.viewers.StructuredViewer.handleOpen(StructuredViewer.java:1163) ~[org.eclipse.jface_3.13.0.v20170503-1507.jar:na]
	at org.eclipse.ui.navigator.CommonViewer.handleOpen(CommonViewer.java:451) ~[na:na]
	at org.eclipse.jface.util.OpenStrategy.fireOpenEvent(OpenStrategy.java:273) ~[org.eclipse.jface_3.13.0.v20170503-1507.jar:na]
	at org.eclipse.jface.util.OpenStrategy.access$2(OpenStrategy.java:268) ~[org.eclipse.jface_3.13.0.v20170503-1507.jar:na]
	at org.eclipse.jface.util.OpenStrategy$1.handleEvent(OpenStrategy.java:308) ~[org.eclipse.jface_3.13.0.v20170503-1507.jar:na]
	at org.eclipse.swt.widgets.EventTable.sendEvent(EventTable.java:86) ~[org.eclipse.swt.win32.win32.x86_3.106.0.v20170608-0516.jar:na]
	at org.eclipse.swt.widgets.Display.sendEvent(Display.java:4428) ~[org.eclipse.swt.win32.win32.x86_3.106.0.v20170608-0516.jar:na]
	at org.eclipse.swt.widgets.Widget.sendEvent(Widget.java:1079) ~[org.eclipse.swt.win32.win32.x86_3.106.0.v20170608-0516.jar:na]
	at org.eclipse.swt.widgets.Display.runDeferredEvents(Display.java:4238) ~[org.eclipse.swt.win32.win32.x86_3.106.0.v20170608-0516.jar:na]
	at org.eclipse.swt.widgets.Display.readAndDispatch(Display.java:3817) ~[org.eclipse.swt.win32.win32.x86_3.106.0.v20170608-0516.jar:na]
	at org.eclipse.e4.ui.internal.workbench.swt.PartRenderingEngine$5.run(PartRenderingEngine.java:1155) ~[org.eclipse.e4.ui.workbench.swt_0.14.100.v20170519-1601.jar:na]
	at org.eclipse.core.databinding.observable.Realm.runWithDefault(Realm.java:336) ~[org.eclipse.core.databinding.observable_1.6.100.v20170515-1119.jar:na]
	at org.eclipse.e4.ui.internal.workbench.swt.PartRenderingEngine.run(PartRenderingEngine.java:1044) ~[org.eclipse.e4.ui.workbench.swt_0.14.100.v20170519-1601.jar:na]
	at org.eclipse.e4.ui.internal.workbench.E4Workbench.createAndRunUI(E4Workbench.java:153) ~[org.eclipse.e4.ui.workbench_1.5.0.v20170412-0908.jar:na]
	at org.eclipse.ui.internal.Workbench.lambda$3(Workbench.java:680) ~[org.eclipse.ui.workbench_3.110.0.v20170612-1255.jar:na]
	at org.eclipse.core.databinding.observable.Realm.runWithDefault(Realm.java:336) ~[org.eclipse.core.databinding.observable_1.6.100.v20170515-1119.jar:na]
	at org.eclipse.ui.internal.Workbench.createAndRunWorkbench(Workbench.java:594) ~[org.eclipse.ui.workbench_3.110.0.v20170612-1255.jar:na]
	at org.eclipse.ui.PlatformUI.createAndRunWorkbench(PlatformUI.java:148) ~[org.eclipse.ui.workbench_3.110.0.v20170612-1255.jar:na]
	at org.eclipse.ui.internal.ide.application.IDEApplication.start(IDEApplication.java:151) ~[na:na]
	at org.eclipse.equinox.internal.app.EclipseAppHandle.run(EclipseAppHandle.java:196) ~[org.eclipse.equinox.app_1.3.400.v20150715-1528.jar:na]
	at org.eclipse.core.runtime.internal.adaptor.EclipseAppLauncher.runApplication(EclipseAppLauncher.java:134) ~[org.eclipse.osgi_3.12.0.v20170512-1932.jar:na]
	at org.eclipse.core.runtime.internal.adaptor.EclipseAppLauncher.start(EclipseAppLauncher.java:104) ~[org.eclipse.osgi_3.12.0.v20170512-1932.jar:na]
	at org.eclipse.core.runtime.adaptor.EclipseStarter.run(EclipseStarter.java:388) ~[org.eclipse.osgi_3.12.0.v20170512-1932.jar:na]
	at org.eclipse.core.runtime.adaptor.EclipseStarter.run(EclipseStarter.java:243) ~[org.eclipse.osgi_3.12.0.v20170512-1932.jar:na]
	at sun.reflect.NativeMethodAccessorImpl.invoke0(Native Method) ~[na:1.8.0_131]
	at sun.reflect.NativeMethodAccessorImpl.invoke(Unknown Source) ~[na:1.8.0_131]
	at sun.reflect.DelegatingMethodAccessorImpl.invoke(Unknown Source) ~[na:1.8.0_131]
	at java.lang.reflect.Method.invoke(Unknown Source) ~[na:1.8.0_131]
	at org.eclipse.equinox.launcher.Main.invokeFramework(Main.java:653) ~[org.eclipse.equinox.launcher_1.4.0.v20161219-1356.jar:na]
	at org.eclipse.equinox.launcher.Main.basicRun(Main.java:590) ~[org.eclipse.equinox.launcher_1.4.0.v20161219-1356.jar:na]
	at org.eclipse.equinox.launcher.Main.run(Main.java:1499) ~[org.eclipse.equinox.launcher_1.4.0.v20161219-1356.jar:na]
2017-11-10 12:41:16,675 [main] ERROR o.e.m.j.u.i.DownloadSourcesActionDelegate - Could not schedule source download
org.eclipse.jdt.core.JavaModelException: old_src [in OSZIMT_AS_PROJEKT] is not on its project's build path
	at org.eclipse.jdt.internal.core.JavaElement.newJavaModelException(JavaElement.java:566) ~[na:na]
	at org.eclipse.jdt.internal.core.Openable.generateInfos(Openable.java:247) ~[na:na]
	at org.eclipse.jdt.internal.core.JavaElement.openWhenClosed(JavaElement.java:579) ~[na:na]
	at org.eclipse.jdt.internal.core.JavaElement.getElementInfo(JavaElement.java:316) ~[na:na]
	at org.eclipse.jdt.internal.core.JavaElement.getElementInfo(JavaElement.java:302) ~[na:na]
	at org.eclipse.jdt.internal.core.PackageFragmentRoot.getKind(PackageFragmentRoot.java:486) ~[na:na]
	at org.eclipse.jdt.internal.core.PackageFragmentRoot.getSourceAttachmentPath(PackageFragmentRoot.java:600) ~[na:na]
	at org.eclipse.m2e.jdt.ui.internal.DownloadSourcesActionDelegate.setActiveEditor(DownloadSourcesActionDelegate.java:51) ~[na:na]
	at org.eclipse.ui.internal.EditorPluginAction.editorChanged(EditorPluginAction.java:71) [org.eclipse.ui.workbench_3.110.0.v20170612-1255.jar:na]
	at org.eclipse.ui.internal.EditorActionBuilder$EditorContribution.editorChanged(EditorActionBuilder.java:80) [org.eclipse.ui.workbench_3.110.0.v20170612-1255.jar:na]
	at org.eclipse.ui.internal.EditorActionBuilder$ExternalContributor.setActiveEditor(EditorActionBuilder.java:129) [org.eclipse.ui.workbench_3.110.0.v20170612-1255.jar:na]
	at org.eclipse.ui.internal.EditorActionBars.partChanged(EditorActionBars.java:344) [org.eclipse.ui.workbench_3.110.0.v20170612-1255.jar:na]
	at org.eclipse.ui.internal.WorkbenchPage.updateActivations(WorkbenchPage.java:311) [org.eclipse.ui.workbench_3.110.0.v20170612-1255.jar:na]
	at org.eclipse.ui.internal.WorkbenchPage.access$18(WorkbenchPage.java:293) [org.eclipse.ui.workbench_3.110.0.v20170612-1255.jar:na]
	at org.eclipse.ui.internal.WorkbenchPage$E4PartListener.partActivated(WorkbenchPage.java:211) [org.eclipse.ui.workbench_3.110.0.v20170612-1255.jar:na]
	at org.eclipse.e4.ui.internal.workbench.PartServiceImpl$3.run(PartServiceImpl.java:250) [org.eclipse.e4.ui.workbench_1.5.0.v20170412-0908.jar:na]
	at org.eclipse.core.runtime.SafeRunner.run(SafeRunner.java:42) [org.eclipse.equinox.common_3.9.0.v20170207-1454.jar:na]
	at org.eclipse.e4.ui.internal.workbench.PartServiceImpl.firePartActivated(PartServiceImpl.java:247) [org.eclipse.e4.ui.workbench_1.5.0.v20170412-0908.jar:na]
	at org.eclipse.e4.ui.internal.workbench.PartServiceImpl.activate(PartServiceImpl.java:755) [org.eclipse.e4.ui.workbench_1.5.0.v20170412-0908.jar:na]
	at org.eclipse.e4.ui.internal.workbench.PartServiceImpl.activate(PartServiceImpl.java:680) [org.eclipse.e4.ui.workbench_1.5.0.v20170412-0908.jar:na]
	at org.eclipse.e4.ui.internal.workbench.PartServiceImpl.activate(PartServiceImpl.java:675) [org.eclipse.e4.ui.workbench_1.5.0.v20170412-0908.jar:na]
	at org.eclipse.ui.internal.WorkbenchPage.busyOpenEditor(WorkbenchPage.java:3269) [org.eclipse.ui.workbench_3.110.0.v20170612-1255.jar:na]
	at org.eclipse.ui.internal.WorkbenchPage.access$25(WorkbenchPage.java:3176) [org.eclipse.ui.workbench_3.110.0.v20170612-1255.jar:na]
	at org.eclipse.ui.internal.WorkbenchPage$10.run(WorkbenchPage.java:3158) [org.eclipse.ui.workbench_3.110.0.v20170612-1255.jar:na]
	at org.eclipse.swt.custom.BusyIndicator.showWhile(BusyIndicator.java:70) [org.eclipse.swt.win32.win32.x86_3.106.0.v20170608-0516.jar:na]
	at org.eclipse.ui.internal.WorkbenchPage.openEditor(WorkbenchPage.java:3153) [org.eclipse.ui.workbench_3.110.0.v20170612-1255.jar:na]
	at org.eclipse.ui.internal.WorkbenchPage.openEditor(WorkbenchPage.java:3117) [org.eclipse.ui.workbench_3.110.0.v20170612-1255.jar:na]
	at org.eclipse.ui.internal.WorkbenchPage.openEditor(WorkbenchPage.java:3107) [org.eclipse.ui.workbench_3.110.0.v20170612-1255.jar:na]
	at org.eclipse.jdt.internal.ui.javaeditor.EditorUtility.openInEditor(EditorUtility.java:373) [org.eclipse.jdt.ui_3.13.0.v20170511-1354.jar:na]
	at org.eclipse.jdt.internal.ui.javaeditor.EditorUtility.openInEditor(EditorUtility.java:179) [org.eclipse.jdt.ui_3.13.0.v20170511-1354.jar:na]
	at org.eclipse.jdt.ui.actions.OpenAction.run(OpenAction.java:256) [org.eclipse.jdt.ui_3.13.0.v20170511-1354.jar:na]
	at org.eclipse.jdt.ui.actions.OpenAction.run(OpenAction.java:221) [org.eclipse.jdt.ui_3.13.0.v20170511-1354.jar:na]
	at org.eclipse.jdt.ui.actions.SelectionDispatchAction.dispatchRun(SelectionDispatchAction.java:271) [org.eclipse.jdt.ui_3.13.0.v20170511-1354.jar:na]
	at org.eclipse.jdt.ui.actions.SelectionDispatchAction.run(SelectionDispatchAction.java:249) [org.eclipse.jdt.ui_3.13.0.v20170511-1354.jar:na]
	at org.eclipse.jdt.internal.ui.navigator.OpenAndExpand.run(OpenAndExpand.java:50) [org.eclipse.jdt.ui_3.13.0.v20170511-1354.jar:na]
	at org.eclipse.ui.actions.RetargetAction.run(RetargetAction.java:216) [org.eclipse.ui.workbench_3.110.0.v20170612-1255.jar:na]
	at org.eclipse.ui.navigator.CommonNavigatorManager$2.open(CommonNavigatorManager.java:191) [org.eclipse.ui.navigator_3.7.0.v20170418-1342.jar:na]
	at org.eclipse.ui.OpenAndLinkWithEditorHelper$InternalListener.open(OpenAndLinkWithEditorHelper.java:46) [org.eclipse.ui.workbench_3.110.0.v20170612-1255.jar:na]
	at org.eclipse.jface.viewers.StructuredViewer$2.run(StructuredViewer.java:851) [org.eclipse.jface_3.13.0.v20170503-1507.jar:na]
	at org.eclipse.core.runtime.SafeRunner.run(SafeRunner.java:42) [org.eclipse.equinox.common_3.9.0.v20170207-1454.jar:na]
	at org.eclipse.ui.internal.JFaceUtil.lambda$0(JFaceUtil.java:44) [org.eclipse.ui.workbench_3.110.0.v20170612-1255.jar:na]
	at org.eclipse.jface.util.SafeRunnable.run(SafeRunnable.java:173) ~[org.eclipse.jface_3.13.0.v20170503-1507.jar:na]
	at org.eclipse.jface.viewers.StructuredViewer.fireOpen(StructuredViewer.java:848) ~[org.eclipse.jface_3.13.0.v20170503-1507.jar:na]
	at org.eclipse.jface.viewers.StructuredViewer.handleOpen(StructuredViewer.java:1163) ~[org.eclipse.jface_3.13.0.v20170503-1507.jar:na]
	at org.eclipse.ui.navigator.CommonViewer.handleOpen(CommonViewer.java:451) ~[na:na]
	at org.eclipse.jface.util.OpenStrategy.fireOpenEvent(OpenStrategy.java:273) ~[org.eclipse.jface_3.13.0.v20170503-1507.jar:na]
	at org.eclipse.jface.util.OpenStrategy.access$2(OpenStrategy.java:268) ~[org.eclipse.jface_3.13.0.v20170503-1507.jar:na]
	at org.eclipse.jface.util.OpenStrategy$1.handleEvent(OpenStrategy.java:308) ~[org.eclipse.jface_3.13.0.v20170503-1507.jar:na]
	at org.eclipse.swt.widgets.EventTable.sendEvent(EventTable.java:86) ~[org.eclipse.swt.win32.win32.x86_3.106.0.v20170608-0516.jar:na]
	at org.eclipse.swt.widgets.Display.sendEvent(Display.java:4428) ~[org.eclipse.swt.win32.win32.x86_3.106.0.v20170608-0516.jar:na]
	at org.eclipse.swt.widgets.Widget.sendEvent(Widget.java:1079) ~[org.eclipse.swt.win32.win32.x86_3.106.0.v20170608-0516.jar:na]
	at org.eclipse.swt.widgets.Display.runDeferredEvents(Display.java:4238) ~[org.eclipse.swt.win32.win32.x86_3.106.0.v20170608-0516.jar:na]
	at org.eclipse.swt.widgets.Display.readAndDispatch(Display.java:3817) ~[org.eclipse.swt.win32.win32.x86_3.106.0.v20170608-0516.jar:na]
	at org.eclipse.e4.ui.internal.workbench.swt.PartRenderingEngine$5.run(PartRenderingEngine.java:1155) ~[org.eclipse.e4.ui.workbench.swt_0.14.100.v20170519-1601.jar:na]
	at org.eclipse.core.databinding.observable.Realm.runWithDefault(Realm.java:336) ~[org.eclipse.core.databinding.observable_1.6.100.v20170515-1119.jar:na]
	at org.eclipse.e4.ui.internal.workbench.swt.PartRenderingEngine.run(PartRenderingEngine.java:1044) ~[org.eclipse.e4.ui.workbench.swt_0.14.100.v20170519-1601.jar:na]
	at org.eclipse.e4.ui.internal.workbench.E4Workbench.createAndRunUI(E4Workbench.java:153) ~[org.eclipse.e4.ui.workbench_1.5.0.v20170412-0908.jar:na]
	at org.eclipse.ui.internal.Workbench.lambda$3(Workbench.java:680) ~[org.eclipse.ui.workbench_3.110.0.v20170612-1255.jar:na]
	at org.eclipse.core.databinding.observable.Realm.runWithDefault(Realm.java:336) ~[org.eclipse.core.databinding.observable_1.6.100.v20170515-1119.jar:na]
	at org.eclipse.ui.internal.Workbench.createAndRunWorkbench(Workbench.java:594) ~[org.eclipse.ui.workbench_3.110.0.v20170612-1255.jar:na]
	at org.eclipse.ui.PlatformUI.createAndRunWorkbench(PlatformUI.java:148) ~[org.eclipse.ui.workbench_3.110.0.v20170612-1255.jar:na]
	at org.eclipse.ui.internal.ide.application.IDEApplication.start(IDEApplication.java:151) ~[na:na]
	at org.eclipse.equinox.internal.app.EclipseAppHandle.run(EclipseAppHandle.java:196) ~[org.eclipse.equinox.app_1.3.400.v20150715-1528.jar:na]
	at org.eclipse.core.runtime.internal.adaptor.EclipseAppLauncher.runApplication(EclipseAppLauncher.java:134) ~[org.eclipse.osgi_3.12.0.v20170512-1932.jar:na]
	at org.eclipse.core.runtime.internal.adaptor.EclipseAppLauncher.start(EclipseAppLauncher.java:104) ~[org.eclipse.osgi_3.12.0.v20170512-1932.jar:na]
	at org.eclipse.core.runtime.adaptor.EclipseStarter.run(EclipseStarter.java:388) ~[org.eclipse.osgi_3.12.0.v20170512-1932.jar:na]
	at org.eclipse.core.runtime.adaptor.EclipseStarter.run(EclipseStarter.java:243) ~[org.eclipse.osgi_3.12.0.v20170512-1932.jar:na]
	at sun.reflect.NativeMethodAccessorImpl.invoke0(Native Method) ~[na:1.8.0_131]
	at sun.reflect.NativeMethodAccessorImpl.invoke(Unknown Source) ~[na:1.8.0_131]
	at sun.reflect.DelegatingMethodAccessorImpl.invoke(Unknown Source) ~[na:1.8.0_131]
	at java.lang.reflect.Method.invoke(Unknown Source) ~[na:1.8.0_131]
	at org.eclipse.equinox.launcher.Main.invokeFramework(Main.java:653) ~[org.eclipse.equinox.launcher_1.4.0.v20161219-1356.jar:na]
	at org.eclipse.equinox.launcher.Main.basicRun(Main.java:590) ~[org.eclipse.equinox.launcher_1.4.0.v20161219-1356.jar:na]
	at org.eclipse.equinox.launcher.Main.run(Main.java:1499) ~[org.eclipse.equinox.launcher_1.4.0.v20161219-1356.jar:na]
2017-11-10 12:41:20,688 [main] ERROR o.e.m.j.u.i.DownloadSourcesActionDelegate - Could not schedule source download
org.eclipse.jdt.core.JavaModelException: old_src [in OSZIMT_AS_PROJEKT] is not on its project's build path
	at org.eclipse.jdt.internal.core.JavaElement.newJavaModelException(JavaElement.java:566) ~[na:na]
	at org.eclipse.jdt.internal.core.Openable.generateInfos(Openable.java:247) ~[na:na]
	at org.eclipse.jdt.internal.core.JavaElement.openWhenClosed(JavaElement.java:579) ~[na:na]
	at org.eclipse.jdt.internal.core.JavaElement.getElementInfo(JavaElement.java:316) ~[na:na]
	at org.eclipse.jdt.internal.core.JavaElement.getElementInfo(JavaElement.java:302) ~[na:na]
	at org.eclipse.jdt.internal.core.PackageFragmentRoot.getKind(PackageFragmentRoot.java:486) ~[na:na]
	at org.eclipse.jdt.internal.core.PackageFragmentRoot.getSourceAttachmentPath(PackageFragmentRoot.java:600) ~[na:na]
	at org.eclipse.m2e.jdt.ui.internal.DownloadSourcesActionDelegate.setActiveEditor(DownloadSourcesActionDelegate.java:51) ~[na:na]
	at org.eclipse.ui.internal.EditorPluginAction.editorChanged(EditorPluginAction.java:71) [org.eclipse.ui.workbench_3.110.0.v20170612-1255.jar:na]
	at org.eclipse.ui.internal.EditorActionBuilder$EditorContribution.editorChanged(EditorActionBuilder.java:80) [org.eclipse.ui.workbench_3.110.0.v20170612-1255.jar:na]
	at org.eclipse.ui.internal.EditorActionBuilder$ExternalContributor.setActiveEditor(EditorActionBuilder.java:129) [org.eclipse.ui.workbench_3.110.0.v20170612-1255.jar:na]
	at org.eclipse.ui.internal.EditorActionBars.partChanged(EditorActionBars.java:344) [org.eclipse.ui.workbench_3.110.0.v20170612-1255.jar:na]
	at org.eclipse.ui.internal.WorkbenchPage.updateActivations(WorkbenchPage.java:311) [org.eclipse.ui.workbench_3.110.0.v20170612-1255.jar:na]
	at org.eclipse.ui.internal.WorkbenchPage.access$18(WorkbenchPage.java:293) [org.eclipse.ui.workbench_3.110.0.v20170612-1255.jar:na]
	at org.eclipse.ui.internal.WorkbenchPage$E4PartListener.partActivated(WorkbenchPage.java:211) [org.eclipse.ui.workbench_3.110.0.v20170612-1255.jar:na]
	at org.eclipse.e4.ui.internal.workbench.PartServiceImpl$3.run(PartServiceImpl.java:250) [org.eclipse.e4.ui.workbench_1.5.0.v20170412-0908.jar:na]
	at org.eclipse.core.runtime.SafeRunner.run(SafeRunner.java:42) [org.eclipse.equinox.common_3.9.0.v20170207-1454.jar:na]
	at org.eclipse.e4.ui.internal.workbench.PartServiceImpl.firePartActivated(PartServiceImpl.java:247) [org.eclipse.e4.ui.workbench_1.5.0.v20170412-0908.jar:na]
	at org.eclipse.e4.ui.internal.workbench.PartServiceImpl.activate(PartServiceImpl.java:755) [org.eclipse.e4.ui.workbench_1.5.0.v20170412-0908.jar:na]
	at org.eclipse.e4.ui.internal.workbench.PartServiceImpl.activate(PartServiceImpl.java:680) [org.eclipse.e4.ui.workbench_1.5.0.v20170412-0908.jar:na]
	at org.eclipse.e4.ui.internal.workbench.swt.AbstractPartRenderer.activate(AbstractPartRenderer.java:95) [org.eclipse.e4.ui.workbench.swt_0.14.100.v20170519-1601.jar:na]
	at org.eclipse.e4.ui.workbench.renderers.swt.ContributedPartRenderer.lambda$0(ContributedPartRenderer.java:60) [org.eclipse.e4.ui.workbench.renderers.swt_0.14.100.v20170612-1255.jar:na]
	at org.eclipse.swt.widgets.EventTable.sendEvent(EventTable.java:86) ~[org.eclipse.swt.win32.win32.x86_3.106.0.v20170608-0516.jar:na]
	at org.eclipse.swt.widgets.Display.sendEvent(Display.java:4428) ~[org.eclipse.swt.win32.win32.x86_3.106.0.v20170608-0516.jar:na]
	at org.eclipse.swt.widgets.Widget.sendEvent(Widget.java:1079) ~[org.eclipse.swt.win32.win32.x86_3.106.0.v20170608-0516.jar:na]
	at org.eclipse.swt.widgets.Widget.sendEvent(Widget.java:1103) ~[org.eclipse.swt.win32.win32.x86_3.106.0.v20170608-0516.jar:na]
	at org.eclipse.swt.widgets.Widget.sendEvent(Widget.java:1088) ~[org.eclipse.swt.win32.win32.x86_3.106.0.v20170608-0516.jar:na]
	at org.eclipse.swt.widgets.Shell.setActiveControl(Shell.java:1542) ~[org.eclipse.swt.win32.win32.x86_3.106.0.v20170608-0516.jar:na]
	at org.eclipse.swt.widgets.Shell.setActiveControl(Shell.java:1505) ~[org.eclipse.swt.win32.win32.x86_3.106.0.v20170608-0516.jar:na]
	at org.eclipse.swt.widgets.Control.sendFocusEvent(Control.java:2993) ~[org.eclipse.swt.win32.win32.x86_3.106.0.v20170608-0516.jar:na]
	at org.eclipse.swt.widgets.Widget.wmSetFocus(Widget.java:2437) ~[org.eclipse.swt.win32.win32.x86_3.106.0.v20170608-0516.jar:na]
	at org.eclipse.swt.widgets.Control.WM_SETFOCUS(Control.java:5490) ~[org.eclipse.swt.win32.win32.x86_3.106.0.v20170608-0516.jar:na]
	at org.eclipse.swt.widgets.Control.windowProc(Control.java:4913) ~[org.eclipse.swt.win32.win32.x86_3.106.0.v20170608-0516.jar:na]
	at org.eclipse.swt.widgets.Display.windowProc(Display.java:5178) ~[org.eclipse.swt.win32.win32.x86_3.106.0.v20170608-0516.jar:na]
	at org.eclipse.swt.internal.win32.OS.SetFocus(Native Method) ~[org.eclipse.swt.win32.win32.x86_3.106.0.v20170608-0516.jar:na]
	at org.eclipse.swt.widgets.Control.forceFocus(Control.java:1114) ~[org.eclipse.swt.win32.win32.x86_3.106.0.v20170608-0516.jar:na]
	at org.eclipse.swt.widgets.Control.setFocus(Control.java:3492) ~[org.eclipse.swt.win32.win32.x86_3.106.0.v20170608-0516.jar:na]
	at org.eclipse.swt.widgets.Composite.setFocus(Composite.java:1101) ~[org.eclipse.swt.win32.win32.x86_3.106.0.v20170608-0516.jar:na]
	at org.eclipse.swt.widgets.Composite.setFocus(Composite.java:1099) ~[org.eclipse.swt.win32.win32.x86_3.106.0.v20170608-0516.jar:na]
	at org.eclipse.jdt.internal.ui.javaeditor.ClassFileEditor.setFocus(ClassFileEditor.java:981) ~[na:na]
	at org.eclipse.ui.internal.e4.compatibility.CompatibilityPart.delegateSetFocus(CompatibilityPart.java:216) ~[na:na]
	at sun.reflect.GeneratedMethodAccessor57.invoke(Unknown Source) ~[na:na]
	at sun.reflect.DelegatingMethodAccessorImpl.invoke(Unknown Source) ~[na:1.8.0_131]
	at java.lang.reflect.Method.invoke(Unknown Source) ~[na:1.8.0_131]
	at org.eclipse.e4.core.internal.di.MethodRequestor.execute(MethodRequestor.java:55) ~[org.eclipse.e4.core.di_1.6.100.v20170421-1418.jar:na]
	at org.eclipse.e4.core.internal.di.InjectorImpl.invokeUsingClass(InjectorImpl.java:305) ~[org.eclipse.e4.core.di_1.6.100.v20170421-1418.jar:na]
	at org.eclipse.e4.core.internal.di.InjectorImpl.invokeUsingClass(InjectorImpl.java:311) ~[org.eclipse.e4.core.di_1.6.100.v20170421-1418.jar:na]
	at org.eclipse.e4.core.internal.di.InjectorImpl.invoke(InjectorImpl.java:233) ~[org.eclipse.e4.core.di_1.6.100.v20170421-1418.jar:na]
	at org.eclipse.e4.core.contexts.ContextInjectionFactory.invoke(ContextInjectionFactory.java:107) ~[org.eclipse.e4.core.contexts_1.6.0.v20170322-1144.jar:na]
	at org.eclipse.e4.ui.internal.workbench.swt.PartRenderingEngine.focusGui(PartRenderingEngine.java:794) ~[org.eclipse.e4.ui.workbench.swt_0.14.100.v20170519-1601.jar:na]
	at org.eclipse.e4.ui.workbench.renderers.swt.ContributedPartRenderer$1.setFocus(ContributedPartRenderer.java:103) ~[org.eclipse.e4.ui.workbench.renderers.swt_0.14.100.v20170612-1255.jar:na]
	at org.eclipse.swt.custom.CTabItem.setFocus(CTabItem.java:332) ~[org.eclipse.swt.win32.win32.x86_3.106.0.v20170608-0516.jar:na]
	at org.eclipse.swt.custom.CTabFolder.setFocus(CTabFolder.java:2631) ~[org.eclipse.swt.win32.win32.x86_3.106.0.v20170608-0516.jar:na]
	at org.eclipse.swt.widgets.Control.fixFocus(Control.java:1069) ~[org.eclipse.swt.win32.win32.x86_3.106.0.v20170608-0516.jar:na]
	at org.eclipse.swt.widgets.Control.setVisible(Control.java:4017) ~[org.eclipse.swt.win32.win32.x86_3.106.0.v20170608-0516.jar:na]
	at org.eclipse.swt.custom.CTabFolder.setSelection(CTabFolder.java:3175) ~[org.eclipse.swt.win32.win32.x86_3.106.0.v20170608-0516.jar:na]
	at org.eclipse.swt.custom.CTabFolder.setSelection(CTabFolder.java:3132) ~[org.eclipse.swt.win32.win32.x86_3.106.0.v20170608-0516.jar:na]
	at org.eclipse.e4.ui.workbench.renderers.swt.StackRenderer.showTab(StackRenderer.java:1301) ~[org.eclipse.e4.ui.workbench.renderers.swt_0.14.100.v20170612-1255.jar:na]
	at org.eclipse.e4.ui.workbench.renderers.swt.LazyStackRenderer.lambda$0(LazyStackRenderer.java:68) ~[org.eclipse.e4.ui.workbench.renderers.swt_0.14.100.v20170612-1255.jar:na]
	at org.eclipse.e4.ui.services.internal.events.UIEventHandler$1.run(UIEventHandler.java:40) ~[org.eclipse.e4.ui.services_1.3.0.v20170307-2032.jar:na]
	at org.eclipse.swt.widgets.Synchronizer.syncExec(Synchronizer.java:233) ~[org.eclipse.swt.win32.win32.x86_3.106.0.v20170608-0516.jar:na]
	at org.eclipse.ui.internal.UISynchronizer.syncExec(UISynchronizer.java:144) ~[na:na]
	at org.eclipse.swt.widgets.Display.syncExec(Display.java:4889) ~[org.eclipse.swt.win32.win32.x86_3.106.0.v20170608-0516.jar:na]
	at org.eclipse.e4.ui.internal.workbench.swt.E4Application$1.syncExec(E4Application.java:212) ~[org.eclipse.e4.ui.workbench.swt_0.14.100.v20170519-1601.jar:na]
	at org.eclipse.e4.ui.services.internal.events.UIEventHandler.handleEvent(UIEventHandler.java:36) ~[org.eclipse.e4.ui.services_1.3.0.v20170307-2032.jar:na]
	at org.eclipse.equinox.internal.event.EventHandlerWrapper.handleEvent(EventHandlerWrapper.java:201) ~[na:na]
	at org.eclipse.equinox.internal.event.EventHandlerTracker.dispatchEvent(EventHandlerTracker.java:197) ~[na:na]
	at org.eclipse.equinox.internal.event.EventHandlerTracker.dispatchEvent(EventHandlerTracker.java:1) ~[na:na]
	at org.eclipse.osgi.framework.eventmgr.EventManager.dispatchEvent(EventManager.java:230) ~[org.eclipse.osgi_3.12.0.v20170512-1932.jar:na]
	at org.eclipse.osgi.framework.eventmgr.ListenerQueue.dispatchEventSynchronous(ListenerQueue.java:148) ~[org.eclipse.osgi_3.12.0.v20170512-1932.jar:na]
	at org.eclipse.equinox.internal.event.EventAdminImpl.dispatchEvent(EventAdminImpl.java:135) ~[na:na]
	at org.eclipse.equinox.internal.event.EventAdminImpl.sendEvent(EventAdminImpl.java:78) ~[na:na]
	at org.eclipse.equinox.internal.event.EventComponent.sendEvent(EventComponent.java:39) ~[na:na]
	at org.eclipse.e4.ui.services.internal.events.EventBroker.send(EventBroker.java:52) ~[org.eclipse.e4.ui.services_1.3.0.v20170307-2032.jar:na]
	at org.eclipse.e4.ui.internal.workbench.UIEventPublisher.notifyChanged(UIEventPublisher.java:60) ~[org.eclipse.e4.ui.workbench_1.5.0.v20170412-0908.jar:na]
	at org.eclipse.emf.common.notify.impl.BasicNotifierImpl.eNotify(BasicNotifierImpl.java:374) ~[org.eclipse.emf.common_2.13.0.v20170609-0707.jar:na]
	at org.eclipse.e4.ui.model.application.ui.impl.ElementContainerImpl.setSelectedElement(ElementContainerImpl.java:173) ~[org.eclipse.e4.ui.model.workbench_2.0.0.v20170228-1842.jar:na]
	at org.eclipse.e4.ui.internal.workbench.PartServiceImpl.hidePart(PartServiceImpl.java:1303) [org.eclipse.e4.ui.workbench_1.5.0.v20170412-0908.jar:na]
	at org.eclipse.e4.ui.internal.workbench.PartServiceImpl.hidePart(PartServiceImpl.java:1257) [org.eclipse.e4.ui.workbench_1.5.0.v20170412-0908.jar:na]
	at org.eclipse.e4.ui.workbench.renderers.swt.StackRenderer.closePart(StackRenderer.java:1262) ~[org.eclipse.e4.ui.workbench.renderers.swt_0.14.100.v20170612-1255.jar:na]
	at org.eclipse.e4.ui.workbench.renderers.swt.StackRenderer.access$1(StackRenderer.java:1248) ~[org.eclipse.e4.ui.workbench.renderers.swt_0.14.100.v20170612-1255.jar:na]
	at org.eclipse.e4.ui.workbench.renderers.swt.StackRenderer$5.close(StackRenderer.java:1117) ~[org.eclipse.e4.ui.workbench.renderers.swt_0.14.100.v20170612-1255.jar:na]
	at org.eclipse.swt.custom.CTabFolder.onMouse(CTabFolder.java:1950) ~[org.eclipse.swt.win32.win32.x86_3.106.0.v20170608-0516.jar:na]
	at org.eclipse.swt.custom.CTabFolder.lambda$0(CTabFolder.java:333) ~[org.eclipse.swt.win32.win32.x86_3.106.0.v20170608-0516.jar:na]
	at org.eclipse.swt.widgets.EventTable.sendEvent(EventTable.java:86) ~[org.eclipse.swt.win32.win32.x86_3.106.0.v20170608-0516.jar:na]
	at org.eclipse.swt.widgets.Display.sendEvent(Display.java:4428) ~[org.eclipse.swt.win32.win32.x86_3.106.0.v20170608-0516.jar:na]
	at org.eclipse.swt.widgets.Widget.sendEvent(Widget.java:1079) ~[org.eclipse.swt.win32.win32.x86_3.106.0.v20170608-0516.jar:na]
	at org.eclipse.swt.widgets.Display.runDeferredEvents(Display.java:4238) ~[org.eclipse.swt.win32.win32.x86_3.106.0.v20170608-0516.jar:na]
	at org.eclipse.swt.widgets.Display.readAndDispatch(Display.java:3817) ~[org.eclipse.swt.win32.win32.x86_3.106.0.v20170608-0516.jar:na]
	at org.eclipse.e4.ui.internal.workbench.swt.PartRenderingEngine$5.run(PartRenderingEngine.java:1155) ~[org.eclipse.e4.ui.workbench.swt_0.14.100.v20170519-1601.jar:na]
	at org.eclipse.core.databinding.observable.Realm.runWithDefault(Realm.java:336) ~[na:na]
	at org.eclipse.e4.ui.internal.workbench.swt.PartRenderingEngine.run(PartRenderingEngine.java:1044) ~[org.eclipse.e4.ui.workbench.swt_0.14.100.v20170519-1601.jar:na]
	at org.eclipse.e4.ui.internal.workbench.E4Workbench.createAndRunUI(E4Workbench.java:153) ~[org.eclipse.e4.ui.workbench_1.5.0.v20170412-0908.jar:na]
	at org.eclipse.ui.internal.Workbench.lambda$3(Workbench.java:680) ~[na:na]
	at org.eclipse.core.databinding.observable.Realm.runWithDefault(Realm.java:336) ~[na:na]
	at org.eclipse.ui.internal.Workbench.createAndRunWorkbench(Workbench.java:594) ~[na:na]
	at org.eclipse.ui.PlatformUI.createAndRunWorkbench(PlatformUI.java:148) ~[na:na]
	at org.eclipse.ui.internal.ide.application.IDEApplication.start(IDEApplication.java:151) ~[na:na]
	at org.eclipse.equinox.internal.app.EclipseAppHandle.run(EclipseAppHandle.java:196) ~[org.eclipse.equinox.app_1.3.400.v20150715-1528.jar:na]
	at org.eclipse.core.runtime.internal.adaptor.EclipseAppLauncher.runApplication(EclipseAppLauncher.java:134) ~[org.eclipse.osgi_3.12.0.v20170512-1932.jar:na]
	at org.eclipse.core.runtime.internal.adaptor.EclipseAppLauncher.start(EclipseAppLauncher.java:104) ~[org.eclipse.osgi_3.12.0.v20170512-1932.jar:na]
	at org.eclipse.core.runtime.adaptor.EclipseStarter.run(EclipseStarter.java:388) ~[org.eclipse.osgi_3.12.0.v20170512-1932.jar:na]
	at org.eclipse.core.runtime.adaptor.EclipseStarter.run(EclipseStarter.java:243) ~[org.eclipse.osgi_3.12.0.v20170512-1932.jar:na]
	at sun.reflect.NativeMethodAccessorImpl.invoke0(Native Method) ~[na:1.8.0_131]
	at sun.reflect.NativeMethodAccessorImpl.invoke(Unknown Source) ~[na:1.8.0_131]
	at sun.reflect.DelegatingMethodAccessorImpl.invoke(Unknown Source) ~[na:1.8.0_131]
	at java.lang.reflect.Method.invoke(Unknown Source) ~[na:1.8.0_131]
	at org.eclipse.equinox.launcher.Main.invokeFramework(Main.java:653) ~[org.eclipse.equinox.launcher_1.4.0.v20161219-1356.jar:na]
	at org.eclipse.equinox.launcher.Main.basicRun(Main.java:590) ~[org.eclipse.equinox.launcher_1.4.0.v20161219-1356.jar:na]
	at org.eclipse.equinox.launcher.Main.run(Main.java:1499) ~[org.eclipse.equinox.launcher_1.4.0.v20161219-1356.jar:na]
2017-11-10 12:41:22,000 [main] ERROR o.e.m.j.u.i.DownloadSourcesActionDelegate - Could not schedule source download
org.eclipse.jdt.core.JavaModelException: old_src [in OSZIMT_AS_PROJEKT] is not on its project's build path
	at org.eclipse.jdt.internal.core.JavaElement.newJavaModelException(JavaElement.java:566) ~[na:na]
	at org.eclipse.jdt.internal.core.Openable.generateInfos(Openable.java:247) ~[na:na]
	at org.eclipse.jdt.internal.core.JavaElement.openWhenClosed(JavaElement.java:579) ~[na:na]
	at org.eclipse.jdt.internal.core.JavaElement.getElementInfo(JavaElement.java:316) ~[na:na]
	at org.eclipse.jdt.internal.core.JavaElement.getElementInfo(JavaElement.java:302) ~[na:na]
	at org.eclipse.jdt.internal.core.PackageFragmentRoot.getKind(PackageFragmentRoot.java:486) ~[na:na]
	at org.eclipse.jdt.internal.core.PackageFragmentRoot.getSourceAttachmentPath(PackageFragmentRoot.java:600) ~[na:na]
	at org.eclipse.m2e.jdt.ui.internal.DownloadSourcesActionDelegate.setActiveEditor(DownloadSourcesActionDelegate.java:51) ~[na:na]
	at org.eclipse.ui.internal.EditorPluginAction.editorChanged(EditorPluginAction.java:71) [org.eclipse.ui.workbench_3.110.0.v20170612-1255.jar:na]
	at org.eclipse.ui.internal.EditorActionBuilder$EditorContribution.editorChanged(EditorActionBuilder.java:80) [org.eclipse.ui.workbench_3.110.0.v20170612-1255.jar:na]
	at org.eclipse.ui.internal.EditorActionBuilder$ExternalContributor.setActiveEditor(EditorActionBuilder.java:129) [org.eclipse.ui.workbench_3.110.0.v20170612-1255.jar:na]
	at org.eclipse.ui.internal.EditorActionBars.partChanged(EditorActionBars.java:344) [org.eclipse.ui.workbench_3.110.0.v20170612-1255.jar:na]
	at org.eclipse.ui.internal.WorkbenchPage.updateActivations(WorkbenchPage.java:311) [org.eclipse.ui.workbench_3.110.0.v20170612-1255.jar:na]
	at org.eclipse.ui.internal.WorkbenchPage.access$18(WorkbenchPage.java:293) [org.eclipse.ui.workbench_3.110.0.v20170612-1255.jar:na]
	at org.eclipse.ui.internal.WorkbenchPage$E4PartListener.partActivated(WorkbenchPage.java:211) [org.eclipse.ui.workbench_3.110.0.v20170612-1255.jar:na]
	at org.eclipse.e4.ui.internal.workbench.PartServiceImpl$3.run(PartServiceImpl.java:250) [org.eclipse.e4.ui.workbench_1.5.0.v20170412-0908.jar:na]
	at org.eclipse.core.runtime.SafeRunner.run(SafeRunner.java:42) [org.eclipse.equinox.common_3.9.0.v20170207-1454.jar:na]
	at org.eclipse.e4.ui.internal.workbench.PartServiceImpl.firePartActivated(PartServiceImpl.java:247) [org.eclipse.e4.ui.workbench_1.5.0.v20170412-0908.jar:na]
	at org.eclipse.e4.ui.internal.workbench.PartServiceImpl.activate(PartServiceImpl.java:755) [org.eclipse.e4.ui.workbench_1.5.0.v20170412-0908.jar:na]
	at org.eclipse.e4.ui.internal.workbench.PartServiceImpl.activate(PartServiceImpl.java:680) [org.eclipse.e4.ui.workbench_1.5.0.v20170412-0908.jar:na]
	at org.eclipse.e4.ui.internal.workbench.swt.AbstractPartRenderer.activate(AbstractPartRenderer.java:95) [org.eclipse.e4.ui.workbench.swt_0.14.100.v20170519-1601.jar:na]
	at org.eclipse.e4.ui.workbench.renderers.swt.ContributedPartRenderer.lambda$0(ContributedPartRenderer.java:60) [org.eclipse.e4.ui.workbench.renderers.swt_0.14.100.v20170612-1255.jar:na]
	at org.eclipse.swt.widgets.EventTable.sendEvent(EventTable.java:86) ~[org.eclipse.swt.win32.win32.x86_3.106.0.v20170608-0516.jar:na]
	at org.eclipse.swt.widgets.Display.sendEvent(Display.java:4428) ~[org.eclipse.swt.win32.win32.x86_3.106.0.v20170608-0516.jar:na]
	at org.eclipse.swt.widgets.Widget.sendEvent(Widget.java:1079) ~[org.eclipse.swt.win32.win32.x86_3.106.0.v20170608-0516.jar:na]
	at org.eclipse.swt.widgets.Widget.sendEvent(Widget.java:1103) ~[org.eclipse.swt.win32.win32.x86_3.106.0.v20170608-0516.jar:na]
	at org.eclipse.swt.widgets.Widget.sendEvent(Widget.java:1088) ~[org.eclipse.swt.win32.win32.x86_3.106.0.v20170608-0516.jar:na]
	at org.eclipse.swt.widgets.Shell.setActiveControl(Shell.java:1542) ~[org.eclipse.swt.win32.win32.x86_3.106.0.v20170608-0516.jar:na]
	at org.eclipse.swt.widgets.Shell.setActiveControl(Shell.java:1505) ~[org.eclipse.swt.win32.win32.x86_3.106.0.v20170608-0516.jar:na]
	at org.eclipse.swt.widgets.Control.sendFocusEvent(Control.java:2993) ~[org.eclipse.swt.win32.win32.x86_3.106.0.v20170608-0516.jar:na]
	at org.eclipse.swt.widgets.Widget.wmSetFocus(Widget.java:2437) ~[org.eclipse.swt.win32.win32.x86_3.106.0.v20170608-0516.jar:na]
	at org.eclipse.swt.widgets.Control.WM_SETFOCUS(Control.java:5490) ~[org.eclipse.swt.win32.win32.x86_3.106.0.v20170608-0516.jar:na]
	at org.eclipse.swt.widgets.Control.windowProc(Control.java:4913) ~[org.eclipse.swt.win32.win32.x86_3.106.0.v20170608-0516.jar:na]
	at org.eclipse.swt.widgets.Display.windowProc(Display.java:5178) ~[org.eclipse.swt.win32.win32.x86_3.106.0.v20170608-0516.jar:na]
	at org.eclipse.swt.internal.win32.OS.SetFocus(Native Method) ~[org.eclipse.swt.win32.win32.x86_3.106.0.v20170608-0516.jar:na]
	at org.eclipse.swt.widgets.Control.forceFocus(Control.java:1114) ~[org.eclipse.swt.win32.win32.x86_3.106.0.v20170608-0516.jar:na]
	at org.eclipse.swt.widgets.Control.setFocus(Control.java:3492) ~[org.eclipse.swt.win32.win32.x86_3.106.0.v20170608-0516.jar:na]
	at org.eclipse.swt.widgets.Composite.setFocus(Composite.java:1101) ~[org.eclipse.swt.win32.win32.x86_3.106.0.v20170608-0516.jar:na]
	at org.eclipse.swt.widgets.Composite.setFocus(Composite.java:1099) ~[org.eclipse.swt.win32.win32.x86_3.106.0.v20170608-0516.jar:na]
	at org.eclipse.jdt.internal.ui.javaeditor.ClassFileEditor.setFocus(ClassFileEditor.java:981) ~[na:na]
	at org.eclipse.ui.internal.e4.compatibility.CompatibilityPart.delegateSetFocus(CompatibilityPart.java:216) ~[na:na]
	at sun.reflect.GeneratedMethodAccessor57.invoke(Unknown Source) ~[na:na]
	at sun.reflect.DelegatingMethodAccessorImpl.invoke(Unknown Source) ~[na:1.8.0_131]
	at java.lang.reflect.Method.invoke(Unknown Source) ~[na:1.8.0_131]
	at org.eclipse.e4.core.internal.di.MethodRequestor.execute(MethodRequestor.java:55) ~[org.eclipse.e4.core.di_1.6.100.v20170421-1418.jar:na]
	at org.eclipse.e4.core.internal.di.InjectorImpl.invokeUsingClass(InjectorImpl.java:305) ~[org.eclipse.e4.core.di_1.6.100.v20170421-1418.jar:na]
	at org.eclipse.e4.core.internal.di.InjectorImpl.invokeUsingClass(InjectorImpl.java:311) ~[org.eclipse.e4.core.di_1.6.100.v20170421-1418.jar:na]
	at org.eclipse.e4.core.internal.di.InjectorImpl.invoke(InjectorImpl.java:233) ~[org.eclipse.e4.core.di_1.6.100.v20170421-1418.jar:na]
	at org.eclipse.e4.core.contexts.ContextInjectionFactory.invoke(ContextInjectionFactory.java:107) ~[org.eclipse.e4.core.contexts_1.6.0.v20170322-1144.jar:na]
	at org.eclipse.e4.ui.internal.workbench.swt.PartRenderingEngine.focusGui(PartRenderingEngine.java:794) ~[org.eclipse.e4.ui.workbench.swt_0.14.100.v20170519-1601.jar:na]
	at org.eclipse.e4.ui.workbench.renderers.swt.ContributedPartRenderer$1.setFocus(ContributedPartRenderer.java:103) ~[org.eclipse.e4.ui.workbench.renderers.swt_0.14.100.v20170612-1255.jar:na]
	at org.eclipse.swt.custom.CTabItem.setFocus(CTabItem.java:332) ~[org.eclipse.swt.win32.win32.x86_3.106.0.v20170608-0516.jar:na]
	at org.eclipse.swt.custom.CTabFolder.setFocus(CTabFolder.java:2631) ~[org.eclipse.swt.win32.win32.x86_3.106.0.v20170608-0516.jar:na]
	at org.eclipse.swt.widgets.Control.fixFocus(Control.java:1069) ~[org.eclipse.swt.win32.win32.x86_3.106.0.v20170608-0516.jar:na]
	at org.eclipse.swt.widgets.Control.setVisible(Control.java:4017) ~[org.eclipse.swt.win32.win32.x86_3.106.0.v20170608-0516.jar:na]
	at org.eclipse.swt.custom.CTabFolder.setSelection(CTabFolder.java:3175) ~[org.eclipse.swt.win32.win32.x86_3.106.0.v20170608-0516.jar:na]
	at org.eclipse.swt.custom.CTabFolder.setSelection(CTabFolder.java:3132) ~[org.eclipse.swt.win32.win32.x86_3.106.0.v20170608-0516.jar:na]
	at org.eclipse.e4.ui.workbench.renderers.swt.StackRenderer.showTab(StackRenderer.java:1301) ~[org.eclipse.e4.ui.workbench.renderers.swt_0.14.100.v20170612-1255.jar:na]
	at org.eclipse.e4.ui.workbench.renderers.swt.LazyStackRenderer.lambda$0(LazyStackRenderer.java:68) ~[org.eclipse.e4.ui.workbench.renderers.swt_0.14.100.v20170612-1255.jar:na]
	at org.eclipse.e4.ui.services.internal.events.UIEventHandler$1.run(UIEventHandler.java:40) ~[org.eclipse.e4.ui.services_1.3.0.v20170307-2032.jar:na]
	at org.eclipse.swt.widgets.Synchronizer.syncExec(Synchronizer.java:233) ~[org.eclipse.swt.win32.win32.x86_3.106.0.v20170608-0516.jar:na]
	at org.eclipse.ui.internal.UISynchronizer.syncExec(UISynchronizer.java:144) ~[na:na]
	at org.eclipse.swt.widgets.Display.syncExec(Display.java:4889) ~[org.eclipse.swt.win32.win32.x86_3.106.0.v20170608-0516.jar:na]
	at org.eclipse.e4.ui.internal.workbench.swt.E4Application$1.syncExec(E4Application.java:212) ~[org.eclipse.e4.ui.workbench.swt_0.14.100.v20170519-1601.jar:na]
	at org.eclipse.e4.ui.services.internal.events.UIEventHandler.handleEvent(UIEventHandler.java:36) ~[org.eclipse.e4.ui.services_1.3.0.v20170307-2032.jar:na]
	at org.eclipse.equinox.internal.event.EventHandlerWrapper.handleEvent(EventHandlerWrapper.java:201) ~[na:na]
	at org.eclipse.equinox.internal.event.EventHandlerTracker.dispatchEvent(EventHandlerTracker.java:197) ~[na:na]
	at org.eclipse.equinox.internal.event.EventHandlerTracker.dispatchEvent(EventHandlerTracker.java:1) ~[na:na]
	at org.eclipse.osgi.framework.eventmgr.EventManager.dispatchEvent(EventManager.java:230) ~[org.eclipse.osgi_3.12.0.v20170512-1932.jar:na]
	at org.eclipse.osgi.framework.eventmgr.ListenerQueue.dispatchEventSynchronous(ListenerQueue.java:148) ~[org.eclipse.osgi_3.12.0.v20170512-1932.jar:na]
	at org.eclipse.equinox.internal.event.EventAdminImpl.dispatchEvent(EventAdminImpl.java:135) ~[na:na]
	at org.eclipse.equinox.internal.event.EventAdminImpl.sendEvent(EventAdminImpl.java:78) ~[na:na]
	at org.eclipse.equinox.internal.event.EventComponent.sendEvent(EventComponent.java:39) ~[na:na]
	at org.eclipse.e4.ui.services.internal.events.EventBroker.send(EventBroker.java:52) ~[org.eclipse.e4.ui.services_1.3.0.v20170307-2032.jar:na]
	at org.eclipse.e4.ui.internal.workbench.UIEventPublisher.notifyChanged(UIEventPublisher.java:60) ~[org.eclipse.e4.ui.workbench_1.5.0.v20170412-0908.jar:na]
	at org.eclipse.emf.common.notify.impl.BasicNotifierImpl.eNotify(BasicNotifierImpl.java:374) ~[org.eclipse.emf.common_2.13.0.v20170609-0707.jar:na]
	at org.eclipse.e4.ui.model.application.ui.impl.ElementContainerImpl.setSelectedElement(ElementContainerImpl.java:173) ~[org.eclipse.e4.ui.model.workbench_2.0.0.v20170228-1842.jar:na]
	at org.eclipse.e4.ui.internal.workbench.PartServiceImpl.hidePart(PartServiceImpl.java:1303) [org.eclipse.e4.ui.workbench_1.5.0.v20170412-0908.jar:na]
	at org.eclipse.e4.ui.internal.workbench.PartServiceImpl.hidePart(PartServiceImpl.java:1257) [org.eclipse.e4.ui.workbench_1.5.0.v20170412-0908.jar:na]
	at org.eclipse.e4.ui.workbench.renderers.swt.StackRenderer.closePart(StackRenderer.java:1262) ~[org.eclipse.e4.ui.workbench.renderers.swt_0.14.100.v20170612-1255.jar:na]
	at org.eclipse.e4.ui.workbench.renderers.swt.StackRenderer.access$1(StackRenderer.java:1248) ~[org.eclipse.e4.ui.workbench.renderers.swt_0.14.100.v20170612-1255.jar:na]
	at org.eclipse.e4.ui.workbench.renderers.swt.StackRenderer$5.close(StackRenderer.java:1117) ~[org.eclipse.e4.ui.workbench.renderers.swt_0.14.100.v20170612-1255.jar:na]
	at org.eclipse.swt.custom.CTabFolder.onMouse(CTabFolder.java:1950) ~[org.eclipse.swt.win32.win32.x86_3.106.0.v20170608-0516.jar:na]
	at org.eclipse.swt.custom.CTabFolder.lambda$0(CTabFolder.java:333) ~[org.eclipse.swt.win32.win32.x86_3.106.0.v20170608-0516.jar:na]
	at org.eclipse.swt.widgets.EventTable.sendEvent(EventTable.java:86) ~[org.eclipse.swt.win32.win32.x86_3.106.0.v20170608-0516.jar:na]
	at org.eclipse.swt.widgets.Display.sendEvent(Display.java:4428) ~[org.eclipse.swt.win32.win32.x86_3.106.0.v20170608-0516.jar:na]
	at org.eclipse.swt.widgets.Widget.sendEvent(Widget.java:1079) ~[org.eclipse.swt.win32.win32.x86_3.106.0.v20170608-0516.jar:na]
	at org.eclipse.swt.widgets.Display.runDeferredEvents(Display.java:4238) ~[org.eclipse.swt.win32.win32.x86_3.106.0.v20170608-0516.jar:na]
	at org.eclipse.swt.widgets.Display.readAndDispatch(Display.java:3817) ~[org.eclipse.swt.win32.win32.x86_3.106.0.v20170608-0516.jar:na]
	at org.eclipse.e4.ui.internal.workbench.swt.PartRenderingEngine$5.run(PartRenderingEngine.java:1155) ~[org.eclipse.e4.ui.workbench.swt_0.14.100.v20170519-1601.jar:na]
	at org.eclipse.core.databinding.observable.Realm.runWithDefault(Realm.java:336) ~[na:na]
	at org.eclipse.e4.ui.internal.workbench.swt.PartRenderingEngine.run(PartRenderingEngine.java:1044) ~[org.eclipse.e4.ui.workbench.swt_0.14.100.v20170519-1601.jar:na]
	at org.eclipse.e4.ui.internal.workbench.E4Workbench.createAndRunUI(E4Workbench.java:153) ~[org.eclipse.e4.ui.workbench_1.5.0.v20170412-0908.jar:na]
	at org.eclipse.ui.internal.Workbench.lambda$3(Workbench.java:680) ~[na:na]
	at org.eclipse.core.databinding.observable.Realm.runWithDefault(Realm.java:336) ~[na:na]
	at org.eclipse.ui.internal.Workbench.createAndRunWorkbench(Workbench.java:594) ~[na:na]
	at org.eclipse.ui.PlatformUI.createAndRunWorkbench(PlatformUI.java:148) ~[na:na]
	at org.eclipse.ui.internal.ide.application.IDEApplication.start(IDEApplication.java:151) ~[na:na]
	at org.eclipse.equinox.internal.app.EclipseAppHandle.run(EclipseAppHandle.java:196) ~[org.eclipse.equinox.app_1.3.400.v20150715-1528.jar:na]
	at org.eclipse.core.runtime.internal.adaptor.EclipseAppLauncher.runApplication(EclipseAppLauncher.java:134) ~[org.eclipse.osgi_3.12.0.v20170512-1932.jar:na]
	at org.eclipse.core.runtime.internal.adaptor.EclipseAppLauncher.start(EclipseAppLauncher.java:104) ~[org.eclipse.osgi_3.12.0.v20170512-1932.jar:na]
	at org.eclipse.core.runtime.adaptor.EclipseStarter.run(EclipseStarter.java:388) ~[org.eclipse.osgi_3.12.0.v20170512-1932.jar:na]
	at org.eclipse.core.runtime.adaptor.EclipseStarter.run(EclipseStarter.java:243) ~[org.eclipse.osgi_3.12.0.v20170512-1932.jar:na]
	at sun.reflect.NativeMethodAccessorImpl.invoke0(Native Method) ~[na:1.8.0_131]
	at sun.reflect.NativeMethodAccessorImpl.invoke(Unknown Source) ~[na:1.8.0_131]
	at sun.reflect.DelegatingMethodAccessorImpl.invoke(Unknown Source) ~[na:1.8.0_131]
	at java.lang.reflect.Method.invoke(Unknown Source) ~[na:1.8.0_131]
	at org.eclipse.equinox.launcher.Main.invokeFramework(Main.java:653) ~[org.eclipse.equinox.launcher_1.4.0.v20161219-1356.jar:na]
	at org.eclipse.equinox.launcher.Main.basicRun(Main.java:590) ~[org.eclipse.equinox.launcher_1.4.0.v20161219-1356.jar:na]
	at org.eclipse.equinox.launcher.Main.run(Main.java:1499) ~[org.eclipse.equinox.launcher_1.4.0.v20161219-1356.jar:na]
2017-11-10 12:44:54,839 [main] ERROR o.e.m.j.u.i.DownloadSourcesActionDelegate - Could not schedule source download
org.eclipse.jdt.core.JavaModelException: old_src [in OSZIMT_AS_PROJEKT] is not on its project's build path
	at org.eclipse.jdt.internal.core.JavaElement.newJavaModelException(JavaElement.java:566) ~[na:na]
	at org.eclipse.jdt.internal.core.Openable.generateInfos(Openable.java:247) ~[na:na]
	at org.eclipse.jdt.internal.core.JavaElement.openWhenClosed(JavaElement.java:579) ~[na:na]
	at org.eclipse.jdt.internal.core.JavaElement.getElementInfo(JavaElement.java:316) ~[na:na]
	at org.eclipse.jdt.internal.core.JavaElement.getElementInfo(JavaElement.java:302) ~[na:na]
	at org.eclipse.jdt.internal.core.PackageFragmentRoot.getKind(PackageFragmentRoot.java:486) ~[na:na]
	at org.eclipse.jdt.internal.core.PackageFragmentRoot.getSourceAttachmentPath(PackageFragmentRoot.java:600) ~[na:na]
	at org.eclipse.m2e.jdt.ui.internal.DownloadSourcesActionDelegate.setActiveEditor(DownloadSourcesActionDelegate.java:51) ~[na:na]
	at org.eclipse.ui.internal.EditorPluginAction.editorChanged(EditorPluginAction.java:71) [org.eclipse.ui.workbench_3.110.0.v20170612-1255.jar:na]
	at org.eclipse.ui.internal.EditorActionBuilder$EditorContribution.editorChanged(EditorActionBuilder.java:80) [org.eclipse.ui.workbench_3.110.0.v20170612-1255.jar:na]
	at org.eclipse.ui.internal.EditorActionBuilder$ExternalContributor.setActiveEditor(EditorActionBuilder.java:129) [org.eclipse.ui.workbench_3.110.0.v20170612-1255.jar:na]
	at org.eclipse.ui.internal.EditorActionBars.partChanged(EditorActionBars.java:344) [org.eclipse.ui.workbench_3.110.0.v20170612-1255.jar:na]
	at org.eclipse.ui.internal.WorkbenchPage.updateActivations(WorkbenchPage.java:311) [org.eclipse.ui.workbench_3.110.0.v20170612-1255.jar:na]
	at org.eclipse.ui.internal.WorkbenchPage.access$18(WorkbenchPage.java:293) [org.eclipse.ui.workbench_3.110.0.v20170612-1255.jar:na]
	at org.eclipse.ui.internal.WorkbenchPage$E4PartListener.partActivated(WorkbenchPage.java:211) [org.eclipse.ui.workbench_3.110.0.v20170612-1255.jar:na]
	at org.eclipse.e4.ui.internal.workbench.PartServiceImpl$3.run(PartServiceImpl.java:250) [org.eclipse.e4.ui.workbench_1.5.0.v20170412-0908.jar:na]
	at org.eclipse.core.runtime.SafeRunner.run(SafeRunner.java:42) [org.eclipse.equinox.common_3.9.0.v20170207-1454.jar:na]
	at org.eclipse.e4.ui.internal.workbench.PartServiceImpl.firePartActivated(PartServiceImpl.java:247) [org.eclipse.e4.ui.workbench_1.5.0.v20170412-0908.jar:na]
	at org.eclipse.e4.ui.internal.workbench.PartServiceImpl.activate(PartServiceImpl.java:755) [org.eclipse.e4.ui.workbench_1.5.0.v20170412-0908.jar:na]
	at org.eclipse.e4.ui.internal.workbench.PartServiceImpl.activate(PartServiceImpl.java:680) [org.eclipse.e4.ui.workbench_1.5.0.v20170412-0908.jar:na]
	at org.eclipse.e4.ui.internal.workbench.swt.AbstractPartRenderer.activate(AbstractPartRenderer.java:95) [org.eclipse.e4.ui.workbench.swt_0.14.100.v20170519-1601.jar:na]
	at org.eclipse.e4.ui.workbench.renderers.swt.StackRenderer.lambda$1(StackRenderer.java:1036) [org.eclipse.e4.ui.workbench.renderers.swt_0.14.100.v20170612-1255.jar:na]
	at org.eclipse.swt.widgets.EventTable.sendEvent(EventTable.java:86) ~[org.eclipse.swt.win32.win32.x86_3.106.0.v20170608-0516.jar:na]
	at org.eclipse.swt.widgets.Display.sendEvent(Display.java:4428) ~[org.eclipse.swt.win32.win32.x86_3.106.0.v20170608-0516.jar:na]
	at org.eclipse.swt.widgets.Widget.sendEvent(Widget.java:1079) ~[org.eclipse.swt.win32.win32.x86_3.106.0.v20170608-0516.jar:na]
	at org.eclipse.swt.widgets.Widget.sendEvent(Widget.java:1103) ~[org.eclipse.swt.win32.win32.x86_3.106.0.v20170608-0516.jar:na]
	at org.eclipse.swt.widgets.Widget.sendEvent(Widget.java:1088) ~[org.eclipse.swt.win32.win32.x86_3.106.0.v20170608-0516.jar:na]
	at org.eclipse.swt.widgets.Shell.setActiveControl(Shell.java:1542) ~[org.eclipse.swt.win32.win32.x86_3.106.0.v20170608-0516.jar:na]
	at org.eclipse.swt.widgets.Shell.WM_MOUSEACTIVATE(Shell.java:2467) ~[org.eclipse.swt.win32.win32.x86_3.106.0.v20170608-0516.jar:na]
	at org.eclipse.swt.widgets.Control.windowProc(Control.java:4887) ~[org.eclipse.swt.win32.win32.x86_3.106.0.v20170608-0516.jar:na]
	at org.eclipse.swt.widgets.Canvas.windowProc(Canvas.java:359) ~[org.eclipse.swt.win32.win32.x86_3.106.0.v20170608-0516.jar:na]
	at org.eclipse.swt.widgets.Decorations.windowProc(Decorations.java:1657) ~[org.eclipse.swt.win32.win32.x86_3.106.0.v20170608-0516.jar:na]
	at org.eclipse.swt.widgets.Shell.windowProc(Shell.java:2199) ~[org.eclipse.swt.win32.win32.x86_3.106.0.v20170608-0516.jar:na]
	at org.eclipse.swt.widgets.Display.windowProc(Display.java:5191) ~[org.eclipse.swt.win32.win32.x86_3.106.0.v20170608-0516.jar:na]
	at org.eclipse.swt.internal.win32.OS.DefWindowProcW(Native Method) ~[org.eclipse.swt.win32.win32.x86_3.106.0.v20170608-0516.jar:na]
	at org.eclipse.swt.internal.win32.OS.DefWindowProc(OS.java:2555) ~[org.eclipse.swt.win32.win32.x86_3.106.0.v20170608-0516.jar:na]
	at org.eclipse.swt.widgets.Scrollable.callWindowProc(Scrollable.java:88) ~[org.eclipse.swt.win32.win32.x86_3.106.0.v20170608-0516.jar:na]
	at org.eclipse.swt.widgets.Control.windowProc(Control.java:4941) ~[org.eclipse.swt.win32.win32.x86_3.106.0.v20170608-0516.jar:na]
	at org.eclipse.swt.widgets.Display.windowProc(Display.java:5191) ~[org.eclipse.swt.win32.win32.x86_3.106.0.v20170608-0516.jar:na]
	at org.eclipse.swt.internal.win32.OS.DefWindowProcW(Native Method) ~[org.eclipse.swt.win32.win32.x86_3.106.0.v20170608-0516.jar:na]
	at org.eclipse.swt.internal.win32.OS.DefWindowProc(OS.java:2555) ~[org.eclipse.swt.win32.win32.x86_3.106.0.v20170608-0516.jar:na]
	at org.eclipse.swt.widgets.Scrollable.callWindowProc(Scrollable.java:88) ~[org.eclipse.swt.win32.win32.x86_3.106.0.v20170608-0516.jar:na]
	at org.eclipse.swt.widgets.Control.windowProc(Control.java:4941) ~[org.eclipse.swt.win32.win32.x86_3.106.0.v20170608-0516.jar:na]
	at org.eclipse.swt.widgets.Display.windowProc(Display.java:5191) ~[org.eclipse.swt.win32.win32.x86_3.106.0.v20170608-0516.jar:na]
	at org.eclipse.swt.internal.win32.OS.DefWindowProcW(Native Method) ~[org.eclipse.swt.win32.win32.x86_3.106.0.v20170608-0516.jar:na]
	at org.eclipse.swt.internal.win32.OS.DefWindowProc(OS.java:2555) ~[org.eclipse.swt.win32.win32.x86_3.106.0.v20170608-0516.jar:na]
	at org.eclipse.swt.widgets.Scrollable.callWindowProc(Scrollable.java:88) ~[org.eclipse.swt.win32.win32.x86_3.106.0.v20170608-0516.jar:na]
	at org.eclipse.swt.widgets.Control.windowProc(Control.java:4941) ~[org.eclipse.swt.win32.win32.x86_3.106.0.v20170608-0516.jar:na]
	at org.eclipse.swt.widgets.Display.windowProc(Display.java:5191) ~[org.eclipse.swt.win32.win32.x86_3.106.0.v20170608-0516.jar:na]
	at org.eclipse.swt.internal.win32.OS.DefWindowProcW(Native Method) ~[org.eclipse.swt.win32.win32.x86_3.106.0.v20170608-0516.jar:na]
	at org.eclipse.swt.internal.win32.OS.DefWindowProc(OS.java:2555) ~[org.eclipse.swt.win32.win32.x86_3.106.0.v20170608-0516.jar:na]
	at org.eclipse.swt.widgets.Scrollable.callWindowProc(Scrollable.java:88) ~[org.eclipse.swt.win32.win32.x86_3.106.0.v20170608-0516.jar:na]
	at org.eclipse.swt.widgets.Control.windowProc(Control.java:4941) ~[org.eclipse.swt.win32.win32.x86_3.106.0.v20170608-0516.jar:na]
	at org.eclipse.swt.widgets.Display.windowProc(Display.java:5191) ~[org.eclipse.swt.win32.win32.x86_3.106.0.v20170608-0516.jar:na]
	at org.eclipse.swt.internal.win32.OS.DefWindowProcW(Native Method) ~[org.eclipse.swt.win32.win32.x86_3.106.0.v20170608-0516.jar:na]
	at org.eclipse.swt.internal.win32.OS.DefWindowProc(OS.java:2555) ~[org.eclipse.swt.win32.win32.x86_3.106.0.v20170608-0516.jar:na]
	at org.eclipse.swt.widgets.Scrollable.callWindowProc(Scrollable.java:88) ~[org.eclipse.swt.win32.win32.x86_3.106.0.v20170608-0516.jar:na]
	at org.eclipse.swt.widgets.Control.windowProc(Control.java:4941) ~[org.eclipse.swt.win32.win32.x86_3.106.0.v20170608-0516.jar:na]
	at org.eclipse.swt.widgets.Display.windowProc(Display.java:5191) ~[org.eclipse.swt.win32.win32.x86_3.106.0.v20170608-0516.jar:na]
	at org.eclipse.swt.internal.win32.OS.DefWindowProcW(Native Method) ~[org.eclipse.swt.win32.win32.x86_3.106.0.v20170608-0516.jar:na]
	at org.eclipse.swt.internal.win32.OS.DefWindowProc(OS.java:2555) ~[org.eclipse.swt.win32.win32.x86_3.106.0.v20170608-0516.jar:na]
	at org.eclipse.swt.widgets.Scrollable.callWindowProc(Scrollable.java:88) ~[org.eclipse.swt.win32.win32.x86_3.106.0.v20170608-0516.jar:na]
	at org.eclipse.swt.widgets.Control.windowProc(Control.java:4941) ~[org.eclipse.swt.win32.win32.x86_3.106.0.v20170608-0516.jar:na]
	at org.eclipse.swt.widgets.Display.windowProc(Display.java:5191) ~[org.eclipse.swt.win32.win32.x86_3.106.0.v20170608-0516.jar:na]
	at org.eclipse.swt.internal.win32.OS.DefWindowProcW(Native Method) ~[org.eclipse.swt.win32.win32.x86_3.106.0.v20170608-0516.jar:na]
	at org.eclipse.swt.internal.win32.OS.DefWindowProc(OS.java:2555) ~[org.eclipse.swt.win32.win32.x86_3.106.0.v20170608-0516.jar:na]
	at org.eclipse.swt.widgets.Scrollable.callWindowProc(Scrollable.java:88) ~[org.eclipse.swt.win32.win32.x86_3.106.0.v20170608-0516.jar:na]
	at org.eclipse.swt.widgets.Control.windowProc(Control.java:4941) ~[org.eclipse.swt.win32.win32.x86_3.106.0.v20170608-0516.jar:na]
	at org.eclipse.swt.widgets.Display.windowProc(Display.java:5191) ~[org.eclipse.swt.win32.win32.x86_3.106.0.v20170608-0516.jar:na]
	at org.eclipse.swt.internal.win32.OS.DefWindowProcW(Native Method) ~[org.eclipse.swt.win32.win32.x86_3.106.0.v20170608-0516.jar:na]
	at org.eclipse.swt.internal.win32.OS.DefWindowProc(OS.java:2555) ~[org.eclipse.swt.win32.win32.x86_3.106.0.v20170608-0516.jar:na]
	at org.eclipse.swt.widgets.Scrollable.callWindowProc(Scrollable.java:88) ~[org.eclipse.swt.win32.win32.x86_3.106.0.v20170608-0516.jar:na]
	at org.eclipse.swt.widgets.Control.windowProc(Control.java:4941) ~[org.eclipse.swt.win32.win32.x86_3.106.0.v20170608-0516.jar:na]
	at org.eclipse.swt.widgets.Display.windowProc(Display.java:5191) ~[org.eclipse.swt.win32.win32.x86_3.106.0.v20170608-0516.jar:na]
	at org.eclipse.swt.internal.win32.OS.PeekMessageW(Native Method) ~[org.eclipse.swt.win32.win32.x86_3.106.0.v20170608-0516.jar:na]
	at org.eclipse.swt.internal.win32.OS.PeekMessage(OS.java:3152) ~[org.eclipse.swt.win32.win32.x86_3.106.0.v20170608-0516.jar:na]
	at org.eclipse.swt.widgets.Display.readAndDispatch(Display.java:3812) ~[org.eclipse.swt.win32.win32.x86_3.106.0.v20170608-0516.jar:na]
	at org.eclipse.e4.ui.internal.workbench.swt.PartRenderingEngine$5.run(PartRenderingEngine.java:1155) ~[org.eclipse.e4.ui.workbench.swt_0.14.100.v20170519-1601.jar:na]
	at org.eclipse.core.databinding.observable.Realm.runWithDefault(Realm.java:336) ~[na:na]
	at org.eclipse.e4.ui.internal.workbench.swt.PartRenderingEngine.run(PartRenderingEngine.java:1044) ~[org.eclipse.e4.ui.workbench.swt_0.14.100.v20170519-1601.jar:na]
	at org.eclipse.e4.ui.internal.workbench.E4Workbench.createAndRunUI(E4Workbench.java:153) ~[org.eclipse.e4.ui.workbench_1.5.0.v20170412-0908.jar:na]
	at org.eclipse.ui.internal.Workbench.lambda$3(Workbench.java:680) ~[na:na]
	at org.eclipse.core.databinding.observable.Realm.runWithDefault(Realm.java:336) ~[na:na]
	at org.eclipse.ui.internal.Workbench.createAndRunWorkbench(Workbench.java:594) ~[na:na]
	at org.eclipse.ui.PlatformUI.createAndRunWorkbench(PlatformUI.java:148) ~[na:na]
	at org.eclipse.ui.internal.ide.application.IDEApplication.start(IDEApplication.java:151) ~[na:na]
	at org.eclipse.equinox.internal.app.EclipseAppHandle.run(EclipseAppHandle.java:196) ~[org.eclipse.equinox.app_1.3.400.v20150715-1528.jar:na]
	at org.eclipse.core.runtime.internal.adaptor.EclipseAppLauncher.runApplication(EclipseAppLauncher.java:134) ~[org.eclipse.osgi_3.12.0.v20170512-1932.jar:na]
	at org.eclipse.core.runtime.internal.adaptor.EclipseAppLauncher.start(EclipseAppLauncher.java:104) ~[org.eclipse.osgi_3.12.0.v20170512-1932.jar:na]
	at org.eclipse.core.runtime.adaptor.EclipseStarter.run(EclipseStarter.java:388) ~[org.eclipse.osgi_3.12.0.v20170512-1932.jar:na]
	at org.eclipse.core.runtime.adaptor.EclipseStarter.run(EclipseStarter.java:243) ~[org.eclipse.osgi_3.12.0.v20170512-1932.jar:na]
	at sun.reflect.NativeMethodAccessorImpl.invoke0(Native Method) ~[na:1.8.0_131]
	at sun.reflect.NativeMethodAccessorImpl.invoke(Unknown Source) ~[na:1.8.0_131]
	at sun.reflect.DelegatingMethodAccessorImpl.invoke(Unknown Source) ~[na:1.8.0_131]
	at java.lang.reflect.Method.invoke(Unknown Source) ~[na:1.8.0_131]
	at org.eclipse.equinox.launcher.Main.invokeFramework(Main.java:653) ~[org.eclipse.equinox.launcher_1.4.0.v20161219-1356.jar:na]
	at org.eclipse.equinox.launcher.Main.basicRun(Main.java:590) ~[org.eclipse.equinox.launcher_1.4.0.v20161219-1356.jar:na]
	at org.eclipse.equinox.launcher.Main.run(Main.java:1499) ~[org.eclipse.equinox.launcher_1.4.0.v20161219-1356.jar:na]
2017-11-10 13:03:51,949 [Worker-5] INFO  c.g.t.t.d.PublishedGradleVersions - Gradle version information cache is up-to-date. Trying to read.
2017-11-27 09:38:08,282 [Worker-3] INFO  c.g.t.t.d.PublishedGradleVersions - Gradle version information cache is out-of-date. Trying to update.
2017-11-27 09:54:17,441 [Worker-3] INFO  c.g.t.t.d.PublishedGradleVersions - Gradle version information cache is up-to-date. Trying to read.
2017-11-27 10:14:50,294 [Worker-3] INFO  c.g.t.t.d.PublishedGradleVersions - Gradle version information cache is up-to-date. Trying to read.
2017-11-27 10:17:15,095 [Worker-3] INFO  c.g.t.t.d.PublishedGradleVersions - Gradle version information cache is up-to-date. Trying to read.
2017-12-01 11:56:26,252 [Worker-4] INFO  c.g.t.t.d.PublishedGradleVersions - Gradle version information cache is out-of-date. Trying to update.
2017-12-01 12:35:44,702 [Worker-1] INFO  c.g.t.t.d.PublishedGradleVersions - Gradle version information cache is up-to-date. Trying to read.
